Android/MyApplication/app/build/intermediates/proguard-rules/oppo/release/aapt_rules.txt
# Referenced at oppo\release\AndroidManifest.xml:20
-keep class cn.zeppin.shebaoxiong.LaunchActivity { <init>(...); }

# Referenced at oppo\release\AndroidManifest.xml:27
-keep class cn.zeppin.shebaoxiong.MainActivity { <init>(...); }

# Referenced at res\layout\activity_main.xml:10
-keep class cn.zeppin.shebaoxiong.TopBar { <init>(...); }