Android/MyApplication/app/build/outputs/mapping/yingyongbao/release/mapping.txt
cn.zeppin.shebaoxiong.LaunchActivity -> cn.zeppin.shebaoxiong.LaunchActivity:
    void <init>() -> <init>
    void onCreate(android.os.Bundle) -> onCreate
cn.zeppin.shebaoxiong.LaunchActivity$1 -> cn.zeppin.shebaoxiong.LaunchActivity$1:
    cn.zeppin.shebaoxiong.LaunchActivity this$0 -> a
    void <init>(cn.zeppin.shebaoxiong.LaunchActivity) -> <init>
    void run() -> run
cn.zeppin.shebaoxiong.MainActivity -> cn.zeppin.shebaoxiong.MainActivity:
    android.webkit.WebView mWebView -> d
    cn.zeppin.shebaoxiong.TopBar topBar -> e
    cn.zeppin.shebaoxiong.listener.DeviceScreenListener listener -> f
    boolean isActive -> a
    int screenWidth -> b
    int screenHeight -> c
    android.webkit.WebChromeClient webChromeClient -> g
    android.webkit.WebViewClient webViewClient -> h
    void <init>() -> <init>
    void onCreate(android.os.Bundle) -> onCreate
    void onResume() -> onResume
    boolean onKeyDown(int,android.view.KeyEvent) -> onKeyDown
    boolean onOptionsItemSelected(android.view.MenuItem) -> onOptionsItemSelected
    void onActionModeFinished(android.view.ActionMode) -> onActionModeFinished
    void initializeWebView() -> b
    void getLoginInfo() -> c
    boolean isAppOnForeground() -> a
    void onStop() -> onStop
    void onDestroy() -> onDestroy
    android.webkit.WebView access$000(cn.zeppin.shebaoxiong.MainActivity) -> a
    void access$100(cn.zeppin.shebaoxiong.MainActivity) -> b
    cn.zeppin.shebaoxiong.TopBar access$200(cn.zeppin.shebaoxiong.MainActivity) -> c
cn.zeppin.shebaoxiong.MainActivity$1 -> cn.zeppin.shebaoxiong.MainActivity$1:
    cn.zeppin.shebaoxiong.MainActivity this$0 -> a
    void <init>(cn.zeppin.shebaoxiong.MainActivity) -> <init>
    void leftButtonClick() -> a
cn.zeppin.shebaoxiong.MainActivity$2 -> cn.zeppin.shebaoxiong.MainActivity$2:
    cn.zeppin.shebaoxiong.MainActivity this$0 -> a
    void <init>(cn.zeppin.shebaoxiong.MainActivity) -> <init>
    void onScreenOn() -> a
    void onScreenOff() -> b
    void onUserPresent() -> c
cn.zeppin.shebaoxiong.MainActivity$3 -> cn.zeppin.shebaoxiong.MainActivity$3:
    cn.zeppin.shebaoxiong.MainActivity this$0 -> a
    void <init>(cn.zeppin.shebaoxiong.MainActivity) -> <init>
    void onReceivedTitle(android.webkit.WebView,java.lang.String) -> onReceivedTitle
cn.zeppin.shebaoxiong.MainActivity$4 -> cn.zeppin.shebaoxiong.MainActivity$4:
    cn.zeppin.shebaoxiong.MainActivity this$0 -> a
    void <init>(cn.zeppin.shebaoxiong.MainActivity) -> <init>
    boolean shouldOverrideUrlLoading(android.webkit.WebView,java.lang.String) -> shouldOverrideUrlLoading
    void onPageFinished(android.webkit.WebView,java.lang.String) -> onPageFinished
cn.zeppin.shebaoxiong.R -> cn.zeppin.shebaoxiong.a: